<?xml version="1.0" encoding="UTF-8"?>
<testsuites name="5 test case login" time="108.471" tests="5" failures="0" errors="0">
   <testsuite name="5 test case login" tests="5" failures="0" errors="0" time="108.471" timestamp="2020-10-04 14:58:21" hostname="Phap Minh - TUF-A15" id="Test Suites/5 test case login">
      <properties>
         <property name="deviceName" value=""/>
         <property name="devicePlatform" value=""/>
         <property name="logFolder" value="D:\\HCMUE\\2021_HK1\\Test\\ST_LAB2\\Reports\\20201004_145819\\5 test case login\\20201004_145819"/>
         <property name="logFiles" value="D:\\HCMUE\\2021_HK1\\Test\\ST_LAB2\\Reports\\20201004_145819\\5 test case login\\20201004_145819\\execution0.log"/>
         <property name="attachments" value=""/>
         <property name="hostName" value="Phap Minh - TUF-A15"/>
         <property name="os" value="Windows 10 64bit"/>
         <property name="katalonVersion" value="7.7.1.205"/>
         <property name="browser" value="Chrome 85.0.4183.121"/>
         <property name="hostAddress" value="172.16.0.201"/>
         <property name="sessionId" value="4aee1f70e19c8261a7b225dfa48b7e3c"/>
         <property name="seleniumVersion" value="3.141.59"/>
         <property name="proxyInformation" value="ProxyInformation { proxyOption=NO_PROXY, proxyServerType=HTTP, username=, password=********, proxyServerAddress=, proxyServerPort=0, executionList=&quot;&quot;, isApplyToDesiredCapabilities=true }"/>
         <property name="platform" value="Windows 10"/>
      </properties>
      <testcase name="Test Cases/empty" time="21.926" classname="Test Cases/empty" status="PASSED">
         <system-out><![CDATA[2020-10-04 14:58:21 - [TEST_CASE][PASSED] - Test Cases/empty: Test Cases/empty

2020-10-04 14:58:21 - [TEST_STEP][PASSED] - openBrowser(""): Browser is opened with url: ''

2020-10-04 14:58:22 - [MESSAGE][INFO] - Starting 'Chrome' driver

2020-10-04 14:58:22 - [MESSAGE][INFO] - Action delay is set to 0 milliseconds

2020-10-04 14:58:25 - [MESSAGE][PASSED] - Browser is opened with url: ''

2020-10-04 14:58:25 - [TEST_STEP][PASSED] - navigateToUrl("https://katalon-demo-cura.herokuapp.com/"): Navigate to 'https://katalon-demo-cura.herokuapp.com/' successfully

2020-10-04 14:58:29 - [MESSAGE][PASSED] - Navigate to 'https://katalon-demo-cura.herokuapp.com/' successfully

2020-10-04 14:58:29 - [TEST_STEP][PASSED] - click(findTestObject("Object Repository/Page_CURA Healthcare Service/i_CURA Healthcare_fa fa-bars")): Object: 'Object Repository/Page_CURA Healthcare Service/i_CURA Healthcare_fa fa-bars' is clicked on

2020-10-04 14:58:29 - [MESSAGE][PASSED] - Object: 'Object Repository/Page_CURA Healthcare Service/i_CURA Healthcare_fa fa-bars' is clicked on

2020-10-04 14:58:29 - [TEST_STEP][PASSED] - click(findTestObject("Object Repository/Page_CURA Healthcare Service/a_Login")): Object: 'Object Repository/Page_CURA Healthcare Service/a_Login' is clicked on

2020-10-04 14:58:30 - [MESSAGE][PASSED] - Object: 'Object Repository/Page_CURA Healthcare Service/a_Login' is clicked on

2020-10-04 14:58:30 - [TEST_STEP][PASSED] - click(findTestObject("Object Repository/Page_CURA Healthcare Service/button_Login")): Object: 'Object Repository/Page_CURA Healthcare Service/button_Login' is clicked on

2020-10-04 14:58:31 - [MESSAGE][PASSED] - Object: 'Object Repository/Page_CURA Healthcare Service/button_Login' is clicked on

2020-10-04 14:58:31 - [TEST_STEP][PASSED] - waitForElementNotPresent(findTestObject("Page_CURA Healthcare Service/p_Login failed Please ensure the username a_eb55b5"), 10): Web element with id: 'Object Repository/Page_CURA Healthcare Service/p_Login failed Please ensure the username a_eb55b5' located by 'By.xpath: //section[@id='login']/div/div/div/p[2]' is present after '10' second(s)

2020-10-04 14:58:42 - [MESSAGE][WARNING] - Web element with id: 'Object Repository/Page_CURA Healthcare Service/p_Login failed Please ensure the username a_eb55b5' located by 'By.xpath: //section[@id='login']/div/div/div/p[2]' is present after '10' second(s)

2020-10-04 14:58:42 - [TEST_STEP][PASSED] - verifyElementText(findTestObject("Object Repository/Page_CURA Healthcare Service/p_Login failed Please ensure the username a_eb55b5"), "Login failed! Please ensure the username and password are valid."): Actual text and expected text of test object 'Object Repository/Page_CURA Healthcare Service/p_Login failed Please ensure the username a_eb55b5' are matched.

2020-10-04 14:58:42 - [MESSAGE][PASSED] - Actual text and expected text of test object 'Object Repository/Page_CURA Healthcare Service/p_Login failed Please ensure the username a_eb55b5' are matched.

2020-10-04 14:58:42 - [TEST_STEP][PASSED] - closeBrowser(): Browser is closed

2020-10-04 14:58:43 - [MESSAGE][PASSED] - Browser is closed]]></system-out>
         <system-err><![CDATA[]]></system-err>
      </testcase>
      <testcase name="Test Cases/id_false pw_false" time="21.493" classname="Test Cases/id_false pw_false" status="PASSED">
         <system-out><![CDATA[2020-10-04 14:58:43 - [TEST_CASE][PASSED] - Test Cases/id_false pw_false: Test Cases/id_false pw_false

2020-10-04 14:58:43 - [TEST_STEP][PASSED] - openBrowser(""): Browser is opened with url: ''

2020-10-04 14:58:43 - [MESSAGE][INFO] - Starting 'Chrome' driver

2020-10-04 14:58:43 - [MESSAGE][INFO] - Action delay is set to 0 milliseconds

2020-10-04 14:58:46 - [MESSAGE][PASSED] - Browser is opened with url: ''

2020-10-04 14:58:46 - [TEST_STEP][PASSED] - navigateToUrl("https://katalon-demo-cura.herokuapp.com/"): Navigate to 'https://katalon-demo-cura.herokuapp.com/' successfully

2020-10-04 14:58:49 - [MESSAGE][PASSED] - Navigate to 'https://katalon-demo-cura.herokuapp.com/' successfully

2020-10-04 14:58:49 - [TEST_STEP][PASSED] - click(findTestObject("Object Repository/Page_CURA Healthcare Service/a_CURA Healthcare_menu-toggle")): Object: 'Object Repository/Page_CURA Healthcare Service/a_CURA Healthcare_menu-toggle' is clicked on

2020-10-04 14:58:50 - [MESSAGE][PASSED] - Object: 'Object Repository/Page_CURA Healthcare Service/a_CURA Healthcare_menu-toggle' is clicked on

2020-10-04 14:58:50 - [TEST_STEP][PASSED] - click(findTestObject("Object Repository/Page_CURA Healthcare Service/a_Login")): Object: 'Object Repository/Page_CURA Healthcare Service/a_Login' is clicked on

2020-10-04 14:58:51 - [MESSAGE][PASSED] - Object: 'Object Repository/Page_CURA Healthcare Service/a_Login' is clicked on

2020-10-04 14:58:51 - [TEST_STEP][PASSED] - setText(findTestObject("Object Repository/Page_CURA Healthcare Service/input_Username_username"), id_false): Text 'phapnm123' is set on object 'Object Repository/Page_CURA Healthcare Service/input_Username_username'

2020-10-04 14:58:52 - [MESSAGE][PASSED] - Text 'phapnm123' is set on object 'Object Repository/Page_CURA Healthcare Service/input_Username_username'

2020-10-04 14:58:52 - [TEST_STEP][PASSED] - setEncryptedText(findTestObject("Object Repository/Page_CURA Healthcare Service/input_Password_password"), "P9ET2sDE0SE="): Text ****** has been set on object 'Object Repository/Page_CURA Healthcare Service/input_Password_password'

2020-10-04 14:58:52 - [MESSAGE][PASSED] - Text ****** has been set on object 'Object Repository/Page_CURA Healthcare Service/input_Password_password'

2020-10-04 14:58:52 - [TEST_STEP][PASSED] - click(findTestObject("Object Repository/Page_CURA Healthcare Service/button_Login")): Object: 'Object Repository/Page_CURA Healthcare Service/button_Login' is clicked on

2020-10-04 14:58:53 - [MESSAGE][PASSED] - Object: 'Object Repository/Page_CURA Healthcare Service/button_Login' is clicked on

2020-10-04 14:58:53 - [TEST_STEP][PASSED] - waitForElementNotPresent(findTestObject("Object Repository/Page_CURA Healthcare Service/p_Login failed Please ensure the username a_eb55b5"), 10): Web element with id: 'Object Repository/Page_CURA Healthcare Service/p_Login failed Please ensure the username a_eb55b5' located by 'By.xpath: //section[@id='login']/div/div/div/p[2]' is present after '10' second(s)

2020-10-04 14:59:04 - [MESSAGE][WARNING] - Web element with id: 'Object Repository/Page_CURA Healthcare Service/p_Login failed Please ensure the username a_eb55b5' located by 'By.xpath: //section[@id='login']/div/div/div/p[2]' is present after '10' second(s)

2020-10-04 14:59:04 - [TEST_STEP][PASSED] - verifyElementText(findTestObject("Page_CURA Healthcare Service/p_Login failed Please ensure the username a_eb55b5"), "Login failed! Please ensure the username and password are valid."): Actual text and expected text of test object 'Object Repository/Page_CURA Healthcare Service/p_Login failed Please ensure the username a_eb55b5' are matched.

2020-10-04 14:59:04 - [MESSAGE][PASSED] - Actual text and expected text of test object 'Object Repository/Page_CURA Healthcare Service/p_Login failed Please ensure the username a_eb55b5' are matched.

2020-10-04 14:59:04 - [TEST_STEP][PASSED] - closeBrowser(): Browser is closed

2020-10-04 14:59:05 - [MESSAGE][PASSED] - Browser is closed]]></system-out>
         <system-err><![CDATA[]]></system-err>
      </testcase>
      <testcase name="Test Cases/id_false pw_true" time="21.102" classname="Test Cases/id_false pw_true" status="PASSED">
         <system-out><![CDATA[2020-10-04 14:59:05 - [TEST_CASE][PASSED] - Test Cases/id_false pw_true: Test Cases/id_false pw_true

2020-10-04 14:59:05 - [TEST_STEP][PASSED] - openBrowser(""): Browser is opened with url: ''

2020-10-04 14:59:05 - [MESSAGE][INFO] - Starting 'Chrome' driver

2020-10-04 14:59:05 - [MESSAGE][INFO] - Action delay is set to 0 milliseconds

2020-10-04 14:59:08 - [MESSAGE][PASSED] - Browser is opened with url: ''

2020-10-04 14:59:08 - [TEST_STEP][PASSED] - navigateToUrl("https://katalon-demo-cura.herokuapp.com/"): Navigate to 'https://katalon-demo-cura.herokuapp.com/' successfully

2020-10-04 14:59:11 - [MESSAGE][PASSED] - Navigate to 'https://katalon-demo-cura.herokuapp.com/' successfully

2020-10-04 14:59:11 - [TEST_STEP][PASSED] - click(findTestObject("Object Repository/Page_CURA Healthcare Service/a_CURA Healthcare_menu-toggle")): Object: 'Object Repository/Page_CURA Healthcare Service/a_CURA Healthcare_menu-toggle' is clicked on

2020-10-04 14:59:11 - [MESSAGE][PASSED] - Object: 'Object Repository/Page_CURA Healthcare Service/a_CURA Healthcare_menu-toggle' is clicked on

2020-10-04 14:59:11 - [TEST_STEP][PASSED] - click(findTestObject("Object Repository/Page_CURA Healthcare Service/a_Login")): Object: 'Object Repository/Page_CURA Healthcare Service/a_Login' is clicked on

2020-10-04 14:59:12 - [MESSAGE][PASSED] - Object: 'Object Repository/Page_CURA Healthcare Service/a_Login' is clicked on

2020-10-04 14:59:12 - [TEST_STEP][PASSED] - setText(findTestObject("Object Repository/Page_CURA Healthcare Service/input_Username_username"), id_false): Text 'phapnm123' is set on object 'Object Repository/Page_CURA Healthcare Service/input_Username_username'

2020-10-04 14:59:13 - [MESSAGE][PASSED] - Text 'phapnm123' is set on object 'Object Repository/Page_CURA Healthcare Service/input_Username_username'

2020-10-04 14:59:13 - [TEST_STEP][PASSED] - setEncryptedText(findTestObject("Object Repository/Page_CURA Healthcare Service/input_Password_password"), "g3/DOGG74jC3Flrr3yH+3D/yKbOqqUNM"): Text ****** has been set on object 'Object Repository/Page_CURA Healthcare Service/input_Password_password'

2020-10-04 14:59:13 - [MESSAGE][PASSED] - Text ****** has been set on object 'Object Repository/Page_CURA Healthcare Service/input_Password_password'

2020-10-04 14:59:13 - [TEST_STEP][PASSED] - click(findTestObject("Object Repository/Page_CURA Healthcare Service/button_Login")): Object: 'Object Repository/Page_CURA Healthcare Service/button_Login' is clicked on

2020-10-04 14:59:14 - [MESSAGE][PASSED] - Object: 'Object Repository/Page_CURA Healthcare Service/button_Login' is clicked on

2020-10-04 14:59:14 - [TEST_STEP][PASSED] - waitForElementNotPresent(findTestObject("Object Repository/Page_CURA Healthcare Service/p_Login failed Please ensure the username a_eb55b5"), 10): Web element with id: 'Object Repository/Page_CURA Healthcare Service/p_Login failed Please ensure the username a_eb55b5' located by 'By.xpath: //section[@id='login']/div/div/div/p[2]' is present after '10' second(s)

2020-10-04 14:59:25 - [MESSAGE][WARNING] - Web element with id: 'Object Repository/Page_CURA Healthcare Service/p_Login failed Please ensure the username a_eb55b5' located by 'By.xpath: //section[@id='login']/div/div/div/p[2]' is present after '10' second(s)

2020-10-04 14:59:25 - [TEST_STEP][PASSED] - verifyElementText(findTestObject("Object Repository/Page_CURA Healthcare Service/p_Login failed Please ensure the username a_eb55b5"), "Login failed! Please ensure the username and password are valid."): Actual text and expected text of test object 'Object Repository/Page_CURA Healthcare Service/p_Login failed Please ensure the username a_eb55b5' are matched.

2020-10-04 14:59:25 - [MESSAGE][PASSED] - Actual text and expected text of test object 'Object Repository/Page_CURA Healthcare Service/p_Login failed Please ensure the username a_eb55b5' are matched.

2020-10-04 14:59:25 - [TEST_STEP][PASSED] - closeBrowser(): Browser is closed

2020-10-04 14:59:26 - [MESSAGE][PASSED] - Browser is closed]]></system-out>
         <system-err><![CDATA[]]></system-err>
      </testcase>
      <testcase name="Test Cases/id_true pw_false" time="21.242" classname="Test Cases/id_true pw_false" status="PASSED">
         <system-out><![CDATA[2020-10-04 14:59:26 - [TEST_CASE][PASSED] - Test Cases/id_true pw_false: Test Cases/id_true pw_false

2020-10-04 14:59:26 - [TEST_STEP][PASSED] - openBrowser(""): Browser is opened with url: ''

2020-10-04 14:59:26 - [MESSAGE][INFO] - Starting 'Chrome' driver

2020-10-04 14:59:26 - [MESSAGE][INFO] - Action delay is set to 0 milliseconds

2020-10-04 14:59:29 - [MESSAGE][PASSED] - Browser is opened with url: ''

2020-10-04 14:59:29 - [TEST_STEP][PASSED] - navigateToUrl("https://katalon-demo-cura.herokuapp.com/"): Navigate to 'https://katalon-demo-cura.herokuapp.com/' successfully

2020-10-04 14:59:32 - [MESSAGE][PASSED] - Navigate to 'https://katalon-demo-cura.herokuapp.com/' successfully

2020-10-04 14:59:32 - [TEST_STEP][PASSED] - click(findTestObject("Object Repository/Page_CURA Healthcare Service/a_CURA Healthcare_menu-toggle")): Object: 'Object Repository/Page_CURA Healthcare Service/a_CURA Healthcare_menu-toggle' is clicked on

2020-10-04 14:59:33 - [MESSAGE][PASSED] - Object: 'Object Repository/Page_CURA Healthcare Service/a_CURA Healthcare_menu-toggle' is clicked on

2020-10-04 14:59:33 - [TEST_STEP][PASSED] - click(findTestObject("Object Repository/Page_CURA Healthcare Service/a_Login")): Object: 'Object Repository/Page_CURA Healthcare Service/a_Login' is clicked on

2020-10-04 14:59:34 - [MESSAGE][PASSED] - Object: 'Object Repository/Page_CURA Healthcare Service/a_Login' is clicked on

2020-10-04 14:59:34 - [TEST_STEP][PASSED] - setText(findTestObject("Object Repository/Page_CURA Healthcare Service/input_Username_username"), id_true): Text 'John Doe' is set on object 'Object Repository/Page_CURA Healthcare Service/input_Username_username'

2020-10-04 14:59:34 - [MESSAGE][PASSED] - Text 'John Doe' is set on object 'Object Repository/Page_CURA Healthcare Service/input_Username_username'

2020-10-04 14:59:34 - [TEST_STEP][PASSED] - setEncryptedText(findTestObject("Object Repository/Page_CURA Healthcare Service/input_Password_password"), "P9ET2sDE0SE="): Text ****** has been set on object 'Object Repository/Page_CURA Healthcare Service/input_Password_password'

2020-10-04 14:59:35 - [MESSAGE][PASSED] - Text ****** has been set on object 'Object Repository/Page_CURA Healthcare Service/input_Password_password'

2020-10-04 14:59:35 - [TEST_STEP][PASSED] - click(findTestObject("Object Repository/Page_CURA Healthcare Service/button_Login")): Object: 'Object Repository/Page_CURA Healthcare Service/button_Login' is clicked on

2020-10-04 14:59:35 - [MESSAGE][PASSED] - Object: 'Object Repository/Page_CURA Healthcare Service/button_Login' is clicked on

2020-10-04 14:59:35 - [TEST_STEP][PASSED] - waitForElementNotPresent(findTestObject("Page_CURA Healthcare Service/p_Login failed Please ensure the username a_eb55b5"), 10): Web element with id: 'Object Repository/Page_CURA Healthcare Service/p_Login failed Please ensure the username a_eb55b5' located by 'By.xpath: //section[@id='login']/div/div/div/p[2]' is present after '10' second(s)

2020-10-04 14:59:46 - [MESSAGE][WARNING] - Web element with id: 'Object Repository/Page_CURA Healthcare Service/p_Login failed Please ensure the username a_eb55b5' located by 'By.xpath: //section[@id='login']/div/div/div/p[2]' is present after '10' second(s)

2020-10-04 14:59:46 - [TEST_STEP][PASSED] - verifyElementText(findTestObject("Object Repository/Page_CURA Healthcare Service/p_Login failed Please ensure the username a_eb55b5"), "Login failed! Please ensure the username and password are valid."): Actual text and expected text of test object 'Object Repository/Page_CURA Healthcare Service/p_Login failed Please ensure the username a_eb55b5' are matched.

2020-10-04 14:59:46 - [MESSAGE][PASSED] - Actual text and expected text of test object 'Object Repository/Page_CURA Healthcare Service/p_Login failed Please ensure the username a_eb55b5' are matched.

2020-10-04 14:59:46 - [TEST_STEP][PASSED] - closeBrowser(): Browser is closed

2020-10-04 14:59:47 - [MESSAGE][PASSED] - Browser is closed]]></system-out>
         <system-err><![CDATA[]]></system-err>
      </testcase>
      <testcase name="Test Cases/success" time="22.238" classname="Test Cases/success" status="PASSED">
         <system-out><![CDATA[2020-10-04 14:59:47 - [TEST_CASE][PASSED] - Test Cases/success: Test Cases/success

2020-10-04 14:59:47 - [TEST_STEP][PASSED] - openBrowser(""): Browser is opened with url: ''

2020-10-04 14:59:47 - [MESSAGE][INFO] - Starting 'Chrome' driver

2020-10-04 14:59:47 - [MESSAGE][INFO] - Action delay is set to 0 milliseconds

2020-10-04 14:59:50 - [MESSAGE][PASSED] - Browser is opened with url: ''

2020-10-04 14:59:50 - [TEST_STEP][PASSED] - navigateToUrl("https://katalon-demo-cura.herokuapp.com/"): Navigate to 'https://katalon-demo-cura.herokuapp.com/' successfully

2020-10-04 14:59:53 - [MESSAGE][PASSED] - Navigate to 'https://katalon-demo-cura.herokuapp.com/' successfully

2020-10-04 14:59:53 - [TEST_STEP][PASSED] - click(findTestObject("Object Repository/Page_CURA Healthcare Service/i_CURA Healthcare_fa fa-bars")): Object: 'Object Repository/Page_CURA Healthcare Service/i_CURA Healthcare_fa fa-bars' is clicked on

2020-10-04 14:59:54 - [MESSAGE][PASSED] - Object: 'Object Repository/Page_CURA Healthcare Service/i_CURA Healthcare_fa fa-bars' is clicked on

2020-10-04 14:59:54 - [TEST_STEP][PASSED] - click(findTestObject("Object Repository/Page_CURA Healthcare Service/a_Login")): Object: 'Object Repository/Page_CURA Healthcare Service/a_Login' is clicked on

2020-10-04 14:59:55 - [MESSAGE][PASSED] - Object: 'Object Repository/Page_CURA Healthcare Service/a_Login' is clicked on

2020-10-04 14:59:55 - [TEST_STEP][PASSED] - setText(findTestObject("Object Repository/Page_CURA Healthcare Service/input_Username_username"), id_true): Text 'John Doe' is set on object 'Object Repository/Page_CURA Healthcare Service/input_Username_username'

2020-10-04 14:59:56 - [MESSAGE][PASSED] - Text 'John Doe' is set on object 'Object Repository/Page_CURA Healthcare Service/input_Username_username'

2020-10-04 14:59:56 - [TEST_STEP][PASSED] - setEncryptedText(findTestObject("Object Repository/Page_CURA Healthcare Service/input_Password_password"), "g3/DOGG74jC3Flrr3yH+3D/yKbOqqUNM"): Text ****** has been set on object 'Object Repository/Page_CURA Healthcare Service/input_Password_password'

2020-10-04 14:59:56 - [MESSAGE][PASSED] - Text ****** has been set on object 'Object Repository/Page_CURA Healthcare Service/input_Password_password'

2020-10-04 14:59:56 - [TEST_STEP][PASSED] - click(findTestObject("Object Repository/Page_CURA Healthcare Service/button_Login")): Object: 'Object Repository/Page_CURA Healthcare Service/button_Login' is clicked on

2020-10-04 14:59:57 - [MESSAGE][PASSED] - Object: 'Object Repository/Page_CURA Healthcare Service/button_Login' is clicked on

2020-10-04 14:59:57 - [TEST_STEP][PASSED] - waitForElementPresent(findTestObject("Page_CURA Healthcare Service/button_Login"), 10): Object 'Object Repository/Page_CURA Healthcare Service/button_Login' is not present after 10 second(s)

2020-10-04 15:00:08 - [MESSAGE][INFO] - Unable to find the element located by 'By.xpath: //button[@id='btn-login']'. Please recheck the objects properties to make sure the desired element is located. 

2020-10-04 15:00:08 - [MESSAGE][WARNING] - Object 'Object Repository/Page_CURA Healthcare Service/button_Login' is not present after 10 second(s)

2020-10-04 15:00:08 - [TEST_STEP][PASSED] - verifyElementText(findTestObject("Page_CURA Healthcare Service/div_Make Appointment"), "Make Appointment"): Actual text and expected text of test object 'Object Repository/Page_CURA Healthcare Service/div_Make Appointment' are matched.

2020-10-04 15:00:08 - [MESSAGE][PASSED] - Actual text and expected text of test object 'Object Repository/Page_CURA Healthcare Service/div_Make Appointment' are matched.

2020-10-04 15:00:08 - [TEST_STEP][PASSED] - closeBrowser(): Browser is closed

2020-10-04 15:00:09 - [MESSAGE][PASSED] - Browser is closed]]></system-out>
         <system-err><![CDATA[]]></system-err>
      </testcase>
      <system-out><![CDATA[2020-10-04 14:58:21 - [TEST_SUITE][PASSED] - 5 test case login: Test Cases/success]]></system-out>
      <system-err><![CDATA[]]></system-err>
   </testsuite>
</testsuites>
