<?xml version="1.0" encoding="UTF-8"?>
<testsuites name="login_test" time="63.107" tests="5" failures="0" errors="0">
   <testsuite name="login_test" tests="5" failures="0" errors="0" time="63.107" timestamp="2020-09-23 22:36:04" hostname="Phap Minh - TUF-A15" id="Test Suites/login_test">
      <properties>
         <property name="deviceName" value=""/>
         <property name="devicePlatform" value=""/>
         <property name="logFolder" value="D:\\HCMUE\\2021_HK1\\Test\\ST_LAB1\\Reports\\20200923_223602\\login_test\\20200923_223602"/>
         <property name="logFiles" value="D:\\HCMUE\\2021_HK1\\Test\\ST_LAB1\\Reports\\20200923_223602\\login_test\\20200923_223602\\execution0.log"/>
         <property name="attachments" value=""/>
         <property name="hostName" value="Phap Minh - TUF-A15"/>
         <property name="os" value="Windows 10 64bit"/>
         <property name="katalonVersion" value="7.7.1.205"/>
         <property name="browser" value="Chrome 85.0.4183.102"/>
         <property name="hostAddress" value="192.168.0.114"/>
         <property name="sessionId" value="a19494f2203296e692ff8d310a9a81af"/>
         <property name="seleniumVersion" value="3.141.59"/>
         <property name="proxyInformation" value="ProxyInformation { proxyOption=NO_PROXY, proxyServerType=HTTP, username=, password=********, proxyServerAddress=, proxyServerPort=0, executionList=&quot;&quot;, isApplyToDesiredCapabilities=true }"/>
         <property name="platform" value="Windows 10"/>
      </properties>
      <testcase name="Test Cases/empty" time="11.489" classname="Test Cases/empty" status="PASSED">
         <system-out><![CDATA[2020-09-23 22:36:04 - [TEST_CASE][PASSED] - Test Cases/empty: Test Cases/empty

2020-09-23 22:36:04 - [TEST_STEP][PASSED] - openBrowser(""): Browser is opened with url: ''

2020-09-23 22:36:04 - [MESSAGE][INFO] - Starting 'Chrome' driver

2020-09-23 22:36:04 - [MESSAGE][INFO] - Action delay is set to 0 milliseconds

2020-09-23 22:36:08 - [MESSAGE][PASSED] - Browser is opened with url: ''

2020-09-23 22:36:08 - [TEST_STEP][PASSED] - navigateToUrl("https://katalon-demo-cura.herokuapp.com/"): Navigate to 'https://katalon-demo-cura.herokuapp.com/' successfully

2020-09-23 22:36:12 - [MESSAGE][PASSED] - Navigate to 'https://katalon-demo-cura.herokuapp.com/' successfully

2020-09-23 22:36:12 - [TEST_STEP][PASSED] - click(findTestObject("Object Repository/Page_CURA Healthcare Service/i_CURA Healthcare_fa fa-bars")): Object: 'Object Repository/Page_CURA Healthcare Service/i_CURA Healthcare_fa fa-bars' is clicked on

2020-09-23 22:36:12 - [MESSAGE][PASSED] - Object: 'Object Repository/Page_CURA Healthcare Service/i_CURA Healthcare_fa fa-bars' is clicked on

2020-09-23 22:36:12 - [TEST_STEP][PASSED] - click(findTestObject("Object Repository/Page_CURA Healthcare Service/a_Login")): Object: 'Object Repository/Page_CURA Healthcare Service/a_Login' is clicked on

2020-09-23 22:36:13 - [MESSAGE][PASSED] - Object: 'Object Repository/Page_CURA Healthcare Service/a_Login' is clicked on

2020-09-23 22:36:13 - [TEST_STEP][PASSED] - click(findTestObject("Object Repository/Page_CURA Healthcare Service/button_Login")): Object: 'Object Repository/Page_CURA Healthcare Service/button_Login' is clicked on

2020-09-23 22:36:14 - [MESSAGE][PASSED] - Object: 'Object Repository/Page_CURA Healthcare Service/button_Login' is clicked on

2020-09-23 22:36:14 - [TEST_STEP][PASSED] - click(findTestObject("Object Repository/Page_CURA Healthcare Service/p_Login failed Please ensure the username a_eb55b5")): Object: 'Object Repository/Page_CURA Healthcare Service/p_Login failed Please ensure the username a_eb55b5' is clicked on

2020-09-23 22:36:15 - [MESSAGE][PASSED] - Object: 'Object Repository/Page_CURA Healthcare Service/p_Login failed Please ensure the username a_eb55b5' is clicked on

2020-09-23 22:36:15 - [TEST_STEP][PASSED] - closeBrowser(): Browser is closed

2020-09-23 22:36:15 - [MESSAGE][PASSED] - Browser is closed]]></system-out>
         <system-err><![CDATA[]]></system-err>
      </testcase>
      <testcase name="Test Cases/id_false pw_false" time="16.762" classname="Test Cases/id_false pw_false" status="PASSED">
         <system-out><![CDATA[2020-09-23 22:36:15 - [TEST_CASE][PASSED] - Test Cases/id_false pw_false: Test Cases/id_false pw_false

2020-09-23 22:36:16 - [TEST_STEP][PASSED] - openBrowser(""): Browser is opened with url: ''

2020-09-23 22:36:16 - [MESSAGE][INFO] - Starting 'Chrome' driver

2020-09-23 22:36:16 - [MESSAGE][INFO] - Action delay is set to 0 milliseconds

2020-09-23 22:36:19 - [MESSAGE][PASSED] - Browser is opened with url: ''

2020-09-23 22:36:19 - [TEST_STEP][PASSED] - navigateToUrl("https://katalon-demo-cura.herokuapp.com/"): Navigate to 'https://katalon-demo-cura.herokuapp.com/' successfully

2020-09-23 22:36:27 - [MESSAGE][PASSED] - Navigate to 'https://katalon-demo-cura.herokuapp.com/' successfully

2020-09-23 22:36:27 - [TEST_STEP][PASSED] - click(findTestObject("Object Repository/Page_CURA Healthcare Service/a_CURA Healthcare_menu-toggle")): Object: 'Object Repository/Page_CURA Healthcare Service/a_CURA Healthcare_menu-toggle' is clicked on

2020-09-23 22:36:28 - [MESSAGE][PASSED] - Object: 'Object Repository/Page_CURA Healthcare Service/a_CURA Healthcare_menu-toggle' is clicked on

2020-09-23 22:36:28 - [TEST_STEP][PASSED] - click(findTestObject("Object Repository/Page_CURA Healthcare Service/a_Login")): Object: 'Object Repository/Page_CURA Healthcare Service/a_Login' is clicked on

2020-09-23 22:36:29 - [MESSAGE][PASSED] - Object: 'Object Repository/Page_CURA Healthcare Service/a_Login' is clicked on

2020-09-23 22:36:29 - [TEST_STEP][PASSED] - setText(findTestObject("Object Repository/Page_CURA Healthcare Service/input_Username_username"), "test"): Text 'test' is set on object 'Object Repository/Page_CURA Healthcare Service/input_Username_username'

2020-09-23 22:36:29 - [MESSAGE][PASSED] - Text 'test' is set on object 'Object Repository/Page_CURA Healthcare Service/input_Username_username'

2020-09-23 22:36:29 - [TEST_STEP][PASSED] - setEncryptedText(findTestObject("Object Repository/Page_CURA Healthcare Service/input_Password_password"), "P9ET2sDE0SE="): Text ****** has been set on object 'Object Repository/Page_CURA Healthcare Service/input_Password_password'

2020-09-23 22:36:30 - [MESSAGE][PASSED] - Text ****** has been set on object 'Object Repository/Page_CURA Healthcare Service/input_Password_password'

2020-09-23 22:36:30 - [TEST_STEP][PASSED] - click(findTestObject("Object Repository/Page_CURA Healthcare Service/button_Login")): Object: 'Object Repository/Page_CURA Healthcare Service/button_Login' is clicked on

2020-09-23 22:36:31 - [MESSAGE][PASSED] - Object: 'Object Repository/Page_CURA Healthcare Service/button_Login' is clicked on

2020-09-23 22:36:31 - [TEST_STEP][PASSED] - click(findTestObject("Object Repository/Page_CURA Healthcare Service/p_Login failed Please ensure the username a_eb55b5")): Object: 'Object Repository/Page_CURA Healthcare Service/p_Login failed Please ensure the username a_eb55b5' is clicked on

2020-09-23 22:36:31 - [MESSAGE][PASSED] - Object: 'Object Repository/Page_CURA Healthcare Service/p_Login failed Please ensure the username a_eb55b5' is clicked on

2020-09-23 22:36:31 - [TEST_STEP][PASSED] - closeBrowser(): Browser is closed

2020-09-23 22:36:32 - [MESSAGE][PASSED] - Browser is closed]]></system-out>
         <system-err><![CDATA[]]></system-err>
      </testcase>
      <testcase name="Test Cases/id_false pw_true" time="11.824" classname="Test Cases/id_false pw_true" status="PASSED">
         <system-out><![CDATA[2020-09-23 22:36:32 - [TEST_CASE][PASSED] - Test Cases/id_false pw_true: Test Cases/id_false pw_true

2020-09-23 22:36:32 - [TEST_STEP][PASSED] - openBrowser(""): Browser is opened with url: ''

2020-09-23 22:36:32 - [MESSAGE][INFO] - Starting 'Chrome' driver

2020-09-23 22:36:32 - [MESSAGE][INFO] - Action delay is set to 0 milliseconds

2020-09-23 22:36:36 - [MESSAGE][PASSED] - Browser is opened with url: ''

2020-09-23 22:36:36 - [TEST_STEP][PASSED] - navigateToUrl("https://katalon-demo-cura.herokuapp.com/"): Navigate to 'https://katalon-demo-cura.herokuapp.com/' successfully

2020-09-23 22:36:39 - [MESSAGE][PASSED] - Navigate to 'https://katalon-demo-cura.herokuapp.com/' successfully

2020-09-23 22:36:39 - [TEST_STEP][PASSED] - click(findTestObject("Object Repository/Page_CURA Healthcare Service/a_CURA Healthcare_menu-toggle")): Object: 'Object Repository/Page_CURA Healthcare Service/a_CURA Healthcare_menu-toggle' is clicked on

2020-09-23 22:36:39 - [MESSAGE][PASSED] - Object: 'Object Repository/Page_CURA Healthcare Service/a_CURA Healthcare_menu-toggle' is clicked on

2020-09-23 22:36:39 - [TEST_STEP][PASSED] - click(findTestObject("Object Repository/Page_CURA Healthcare Service/a_Login")): Object: 'Object Repository/Page_CURA Healthcare Service/a_Login' is clicked on

2020-09-23 22:36:40 - [MESSAGE][PASSED] - Object: 'Object Repository/Page_CURA Healthcare Service/a_Login' is clicked on

2020-09-23 22:36:40 - [TEST_STEP][PASSED] - setText(findTestObject("Object Repository/Page_CURA Healthcare Service/input_Username_username"), "test"): Text 'test' is set on object 'Object Repository/Page_CURA Healthcare Service/input_Username_username'

2020-09-23 22:36:41 - [MESSAGE][PASSED] - Text 'test' is set on object 'Object Repository/Page_CURA Healthcare Service/input_Username_username'

2020-09-23 22:36:41 - [TEST_STEP][PASSED] - setEncryptedText(findTestObject("Object Repository/Page_CURA Healthcare Service/input_Password_password"), "g3/DOGG74jC3Flrr3yH+3D/yKbOqqUNM"): Text ****** has been set on object 'Object Repository/Page_CURA Healthcare Service/input_Password_password'

2020-09-23 22:36:42 - [MESSAGE][PASSED] - Text ****** has been set on object 'Object Repository/Page_CURA Healthcare Service/input_Password_password'

2020-09-23 22:36:42 - [TEST_STEP][PASSED] - click(findTestObject("Object Repository/Page_CURA Healthcare Service/button_Login")): Object: 'Object Repository/Page_CURA Healthcare Service/button_Login' is clicked on

2020-09-23 22:36:43 - [MESSAGE][PASSED] - Object: 'Object Repository/Page_CURA Healthcare Service/button_Login' is clicked on

2020-09-23 22:36:43 - [TEST_STEP][PASSED] - click(findTestObject("Object Repository/Page_CURA Healthcare Service/p_Login failed Please ensure the username a_eb55b5")): Object: 'Object Repository/Page_CURA Healthcare Service/p_Login failed Please ensure the username a_eb55b5' is clicked on

2020-09-23 22:36:43 - [MESSAGE][PASSED] - Object: 'Object Repository/Page_CURA Healthcare Service/p_Login failed Please ensure the username a_eb55b5' is clicked on

2020-09-23 22:36:43 - [TEST_STEP][PASSED] - closeBrowser(): Browser is closed

2020-09-23 22:36:44 - [MESSAGE][PASSED] - Browser is closed]]></system-out>
         <system-err><![CDATA[]]></system-err>
      </testcase>
      <testcase name="Test Cases/id_true pw_false" time="11.435" classname="Test Cases/id_true pw_false" status="PASSED">
         <system-out><![CDATA[2020-09-23 22:36:44 - [TEST_CASE][PASSED] - Test Cases/id_true pw_false: Test Cases/id_true pw_false

2020-09-23 22:36:44 - [TEST_STEP][PASSED] - openBrowser(""): Browser is opened with url: ''

2020-09-23 22:36:44 - [MESSAGE][INFO] - Starting 'Chrome' driver

2020-09-23 22:36:44 - [MESSAGE][INFO] - Action delay is set to 0 milliseconds

2020-09-23 22:36:47 - [MESSAGE][PASSED] - Browser is opened with url: ''

2020-09-23 22:36:47 - [TEST_STEP][PASSED] - navigateToUrl("https://katalon-demo-cura.herokuapp.com/"): Navigate to 'https://katalon-demo-cura.herokuapp.com/' successfully

2020-09-23 22:36:51 - [MESSAGE][PASSED] - Navigate to 'https://katalon-demo-cura.herokuapp.com/' successfully

2020-09-23 22:36:51 - [TEST_STEP][PASSED] - click(findTestObject("Object Repository/Page_CURA Healthcare Service/a_CURA Healthcare_menu-toggle")): Object: 'Object Repository/Page_CURA Healthcare Service/a_CURA Healthcare_menu-toggle' is clicked on

2020-09-23 22:36:51 - [MESSAGE][PASSED] - Object: 'Object Repository/Page_CURA Healthcare Service/a_CURA Healthcare_menu-toggle' is clicked on

2020-09-23 22:36:51 - [TEST_STEP][PASSED] - click(findTestObject("Object Repository/Page_CURA Healthcare Service/a_Login")): Object: 'Object Repository/Page_CURA Healthcare Service/a_Login' is clicked on

2020-09-23 22:36:52 - [MESSAGE][PASSED] - Object: 'Object Repository/Page_CURA Healthcare Service/a_Login' is clicked on

2020-09-23 22:36:52 - [TEST_STEP][PASSED] - setText(findTestObject("Object Repository/Page_CURA Healthcare Service/input_Username_username"), "John Doe"): Text 'John Doe' is set on object 'Object Repository/Page_CURA Healthcare Service/input_Username_username'

2020-09-23 22:36:53 - [MESSAGE][PASSED] - Text 'John Doe' is set on object 'Object Repository/Page_CURA Healthcare Service/input_Username_username'

2020-09-23 22:36:53 - [TEST_STEP][PASSED] - setEncryptedText(findTestObject("Object Repository/Page_CURA Healthcare Service/input_Password_password"), "P9ET2sDE0SE="): Text ****** has been set on object 'Object Repository/Page_CURA Healthcare Service/input_Password_password'

2020-09-23 22:36:53 - [MESSAGE][PASSED] - Text ****** has been set on object 'Object Repository/Page_CURA Healthcare Service/input_Password_password'

2020-09-23 22:36:53 - [TEST_STEP][PASSED] - click(findTestObject("Object Repository/Page_CURA Healthcare Service/button_Login")): Object: 'Object Repository/Page_CURA Healthcare Service/button_Login' is clicked on

2020-09-23 22:36:54 - [MESSAGE][PASSED] - Object: 'Object Repository/Page_CURA Healthcare Service/button_Login' is clicked on

2020-09-23 22:36:54 - [TEST_STEP][PASSED] - click(findTestObject("Object Repository/Page_CURA Healthcare Service/p_Login failed Please ensure the username a_eb55b5")): Object: 'Object Repository/Page_CURA Healthcare Service/p_Login failed Please ensure the username a_eb55b5' is clicked on

2020-09-23 22:36:55 - [MESSAGE][PASSED] - Object: 'Object Repository/Page_CURA Healthcare Service/p_Login failed Please ensure the username a_eb55b5' is clicked on

2020-09-23 22:36:55 - [TEST_STEP][PASSED] - closeBrowser(): Browser is closed

2020-09-23 22:36:55 - [MESSAGE][PASSED] - Browser is closed]]></system-out>
         <system-err><![CDATA[]]></system-err>
      </testcase>
      <testcase name="Test Cases/success" time="11.149" classname="Test Cases/success" status="PASSED">
         <system-out><![CDATA[2020-09-23 22:36:55 - [TEST_CASE][PASSED] - Test Cases/success: Test Cases/success

2020-09-23 22:36:56 - [TEST_STEP][PASSED] - openBrowser(""): Browser is opened with url: ''

2020-09-23 22:36:56 - [MESSAGE][INFO] - Starting 'Chrome' driver

2020-09-23 22:36:56 - [MESSAGE][INFO] - Action delay is set to 0 milliseconds

2020-09-23 22:36:59 - [MESSAGE][PASSED] - Browser is opened with url: ''

2020-09-23 22:36:59 - [TEST_STEP][PASSED] - navigateToUrl("https://katalon-demo-cura.herokuapp.com/"): Navigate to 'https://katalon-demo-cura.herokuapp.com/' successfully

2020-09-23 22:37:02 - [MESSAGE][PASSED] - Navigate to 'https://katalon-demo-cura.herokuapp.com/' successfully

2020-09-23 22:37:02 - [TEST_STEP][PASSED] - click(findTestObject("Object Repository/Page_CURA Healthcare Service/i_CURA Healthcare_fa fa-bars")): Object: 'Object Repository/Page_CURA Healthcare Service/i_CURA Healthcare_fa fa-bars' is clicked on

2020-09-23 22:37:02 - [MESSAGE][PASSED] - Object: 'Object Repository/Page_CURA Healthcare Service/i_CURA Healthcare_fa fa-bars' is clicked on

2020-09-23 22:37:02 - [TEST_STEP][PASSED] - click(findTestObject("Object Repository/Page_CURA Healthcare Service/a_Login")): Object: 'Object Repository/Page_CURA Healthcare Service/a_Login' is clicked on

2020-09-23 22:37:03 - [MESSAGE][PASSED] - Object: 'Object Repository/Page_CURA Healthcare Service/a_Login' is clicked on

2020-09-23 22:37:03 - [TEST_STEP][PASSED] - setText(findTestObject("Object Repository/Page_CURA Healthcare Service/input_Username_username"), "John Doe"): Text 'John Doe' is set on object 'Object Repository/Page_CURA Healthcare Service/input_Username_username'

2020-09-23 22:37:04 - [MESSAGE][PASSED] - Text 'John Doe' is set on object 'Object Repository/Page_CURA Healthcare Service/input_Username_username'

2020-09-23 22:37:04 - [TEST_STEP][PASSED] - setEncryptedText(findTestObject("Object Repository/Page_CURA Healthcare Service/input_Password_password"), "g3/DOGG74jC3Flrr3yH+3D/yKbOqqUNM"): Text ****** has been set on object 'Object Repository/Page_CURA Healthcare Service/input_Password_password'

2020-09-23 22:37:04 - [MESSAGE][PASSED] - Text ****** has been set on object 'Object Repository/Page_CURA Healthcare Service/input_Password_password'

2020-09-23 22:37:04 - [TEST_STEP][PASSED] - click(findTestObject("Object Repository/Page_CURA Healthcare Service/button_Login")): Object: 'Object Repository/Page_CURA Healthcare Service/button_Login' is clicked on

2020-09-23 22:37:05 - [MESSAGE][PASSED] - Object: 'Object Repository/Page_CURA Healthcare Service/button_Login' is clicked on

2020-09-23 22:37:05 - [TEST_STEP][PASSED] - click(findTestObject("Object Repository/Page_CURA Healthcare Service/div_Make Appointment")): Object: 'Object Repository/Page_CURA Healthcare Service/div_Make Appointment' is clicked on

2020-09-23 22:37:06 - [MESSAGE][PASSED] - Object: 'Object Repository/Page_CURA Healthcare Service/div_Make Appointment' is clicked on

2020-09-23 22:37:06 - [TEST_STEP][PASSED] - closeBrowser(): Browser is closed

2020-09-23 22:37:07 - [MESSAGE][PASSED] - Browser is closed]]></system-out>
         <system-err><![CDATA[]]></system-err>
      </testcase>
      <system-out><![CDATA[2020-09-23 22:36:04 - [TEST_SUITE][PASSED] - login_test: Test Cases/success]]></system-out>
      <system-err><![CDATA[]]></system-err>
   </testsuite>
</testsuites>
